[00:01:51] [Server thread/INFO]: chepaboy lost connection: Disconnected
[00:01:51] [Server thread/INFO]: chepaboy left the game
[00:01:55] [Server thread/INFO]: chepaboy[/100.80.73.88:56129] logged in with entity id 43365 at (3034.699999988079, -30.0, -253.98296821974117)
[00:01:55] [Server thread/INFO]: chepaboy joined the game
[00:02:08] [Server thread/INFO]: chepaboy lost connection: Disconnected
[00:02:08] [Server thread/INFO]: chepaboy left the game
[00:02:23] [Server thread/INFO]: chepaboy[/100.80.73.88:56155] logged in with entity id 43508 at (3038.5741817484986, -29.5, -254.6825465154373)
[00:02:23] [Server thread/INFO]: chepaboy joined the game
[00:02:24] [Server thread/INFO]: chepaboy has made the advancement [Wax Off]
[00:04:19] [Server thread/INFO]: chepaboy lost connection: You logged in from another location
[00:04:19] [Server thread/INFO]: chepaboy left the game
[00:04:20] [Server thread/INFO]: chepaboy[/100.80.73.88:56256] logged in with entity id 44026 at (3023.9788850033483, -30.0, -256.49509666779267)
[00:04:20] [Server thread/INFO]: chepaboy joined the game
[00:04:26] [Server thread/WARN]: chepaboy moved too quickly! 3.7378669405511573,-7.065211803081674,-6.197242366851583
[00:05:25] [Server thread/INFO]: _Sebas23_ was shot by Stray
[00:05:29] [Server thread/INFO]: chepaboy lost connection: Disconnected
[00:05:29] [Server thread/INFO]: chepaboy left the game
[00:05:35] [Server thread/INFO]: chepaboy[/100.80.73.88:56330] logged in with entity id 44781 at (3043.529795281483, -32.0, -262.8233129842666)
[00:05:35] [Server thread/INFO]: chepaboy joined the game
[00:05:41] [Server thread/INFO]: chepaboy lost connection: Disconnected
[00:05:41] [Server thread/INFO]: chepaboy left the game
[00:05:56] [Server thread/INFO]: chepaboy[/100.80.73.88:56354] logged in with entity id 45142 at (3043.529795281483, -32.0, -262.8233129842666)
[00:05:56] [Server thread/INFO]: chepaboy joined the game
[00:06:29] [Server thread/INFO]: chepaboy lost connection: Disconnected
[00:06:29] [Server thread/INFO]: chepaboy left the game
[00:06:32] [Server thread/INFO]: chepaboy[/100.80.73.88:56387] logged in with entity id 45653 at (3031.314562031195, -37.0, -279.8297664098803)
[00:06:32] [Server thread/INFO]: chepaboy joined the game
[00:07:14] [Server thread/INFO]: chepaboy lost connection: Disconnected
[00:07:14] [Server thread/INFO]: chepaboy left the game
[00:07:19] [Server thread/INFO]: chepaboy[/100.80.73.88:56425] logged in with entity id 46427 at (3031.9243308570167, -32.0, -270.00924467224525)
[00:07:19] [Server thread/INFO]: chepaboy joined the game
[00:10:25] [Server thread/INFO]: chepaboy lost connection: Disconnected
[00:10:25] [Server thread/INFO]: chepaboy left the game
[00:10:30] [Server thread/INFO]: chepaboy[/100.80.73.88:56583] logged in with entity id 47393 at (3036.6821920817943, -29.209062997968864, -276.69999998807907)
[00:10:30] [Server thread/INFO]: chepaboy joined the game
[00:12:19] [Server thread/INFO]: chepaboy lost connection: You logged in from another location
[00:12:19] [Server thread/INFO]: chepaboy left the game
[00:12:21] [Server thread/INFO]: chepaboy[/100.80.73.88:56660] logged in with entity id 47777 at (3033.8612417258023, -37.0, -274.6205966242059)
[00:12:21] [Server thread/INFO]: chepaboy joined the game
[00:13:29] [Server thread/INFO]: chepaboy lost connection: You logged in from another location
[00:13:29] [Server thread/INFO]: chepaboy left the game
[00:13:30] [Server thread/INFO]: chepaboy[/100.80.73.88:56711] logged in with entity id 48018 at (3031.300000011921, -28.747796659746278, -256.88584711278276)
[00:13:30] [Server thread/INFO]: chepaboy joined the game
[00:14:23] [Server thread/INFO]: chepaboy lost connection: You logged in from another location
[00:14:23] [Server thread/INFO]: chepaboy left the game
[00:14:25] [Server thread/INFO]: chepaboy[/100.80.73.88:56768] logged in with entity id 48166 at (3033.4279202317384, -37.0, -281.673849737664)
[00:14:25] [Server thread/INFO]: chepaboy joined the game
[00:14:36] [Server thread/WARN]: chepaboy was kicked for floating too long!
[00:14:36] [Server thread/INFO]: chepaboy lost connection: Flying is not enabled on this server
[00:14:36] [Server thread/INFO]: chepaboy left the game
[00:14:56] [Server thread/INFO]: chepaboy[/100.80.73.88:56798] logged in with entity id 48257 at (3040.624388976343, -30.75081292125532, -271.26953682809506)
[00:14:56] [Server thread/INFO]: chepaboy joined the game
[00:15:31] [Server thread/INFO]: chepaboy lost connection: Disconnected
[00:15:31] [Server thread/INFO]: chepaboy left the game
[00:15:33] [Server thread/INFO]: chepaboy[/100.80.73.88:56838] logged in with entity id 48405 at (3026.4790984848905, -27.20326439933131, -289.46394749981795)
[00:15:33] [Server thread/INFO]: chepaboy joined the game
[00:16:05] [Server thread/INFO]: chepaboy lost connection: You logged in from another location
[00:16:05] [Server thread/INFO]: chepaboy left the game
[00:16:06] [Server thread/INFO]: chepaboy[/100.80.73.88:56867] logged in with entity id 48608 at (3039.2519018978373, -30.0, -317.8920829262964)
[00:16:06] [Server thread/INFO]: chepaboy joined the game
[00:16:59] [Server thread/INFO]: chepaboy lost connection: Disconnected
[00:16:59] [Server thread/INFO]: chepaboy left the game
[00:17:02] [Server thread/INFO]: chepaboy[/100.80.73.88:56908] logged in with entity id 48817 at (3039.480270569097, -25.0, -308.21342213377955)
[00:17:02] [Server thread/INFO]: chepaboy joined the game
[00:17:59] [Server thread/WARN]: chepaboy moved too quickly! 4.779904248924595,0.0,8.969019010192198
[00:18:53] [Server thread/WARN]: chepaboy moved too quickly! 7.107485178386469,-7.078400001525878,-0.8046681785620535
[00:18:57] [Server thread/WARN]: chepaboy was kicked for floating too long!
[00:18:58] [Server thread/WARN]: chepaboy was kicked for floating too long!
[00:18:58] [Server thread/WARN]: chepaboy was kicked for floating too long!
[00:18:58] [Server thread/WARN]: chepaboy was kicked for floating too long!
[00:18:58] [Server thread/WARN]: chepaboy was kicked for floating too long!
[00:18:58] [Server thread/WARN]: chepaboy was kicked for floating too long!
[00:18:58] [Server thread/WARN]: chepaboy was kicked for floating too long!
[00:18:58] [Server thread/WARN]: chepaboy was kicked for floating too long!
[00:18:58] [Server thread/WARN]: chepaboy was kicked for floating too long!
[00:18:58] [Server thread/WARN]: chepaboy was kicked for floating too long!
[00:18:58] [Server thread/WARN]: chepaboy was kicked for floating too long!
[00:18:58] [Server thread/WARN]: chepaboy was kicked for floating too long!
[00:18:58] [Server thread/WARN]: chepaboy was kicked for floating too long!
[00:18:58] [Server thread/WARN]: chepaboy was kicked for floating too long!
[00:18:58] [Server thread/WARN]: chepaboy was kicked for floating too long!
[00:18:58] [Server thread/WARN]: chepaboy was kicked for floating too long!
[00:18:58] [Server thread/WARN]: chepaboy was kicked for floating too long!
[00:18:58] [Server thread/WARN]: chepaboy was kicked for floating too long!
[00:18:58] [Server thread/WARN]: chepaboy was kicked for floating too long!
[00:18:58] [Server thread/WARN]: chepaboy was kicked for floating too long!
[00:18:58] [Server thread/WARN]: chepaboy was kicked for floating too long!
[00:18:59] [Server thread/WARN]: chepaboy was kicked for floating too long!
[00:18:59] [Server thread/WARN]: chepaboy was kicked for floating too long!
[00:18:59] [Server thread/WARN]: chepaboy was kicked for floating too long!
[00:18:59] [Server thread/WARN]: chepaboy was kicked for floating too long!
[00:18:59] [Server thread/WARN]: chepaboy was kicked for floating too long!
[00:18:59] [Server thread/WARN]: chepaboy was kicked for floating too long!
[00:18:59] [Server thread/WARN]: chepaboy was kicked for floating too long!
[00:18:59] [Server thread/WARN]: chepaboy was kicked for floating too long!
[00:18:59] [Server thread/WARN]: chepaboy was kicked for floating too long!
[00:18:59] [Server thread/WARN]: chepaboy was kicked for floating too long!
[00:18:59] [Server thread/WARN]: chepaboy was kicked for floating too long!
[00:18:59] [Server thread/WARN]: chepaboy was kicked for floating too long!
[00:18:59] [Server thread/WARN]: chepaboy was kicked for floating too long!
[00:18:59] [Server thread/WARN]: chepaboy was kicked for floating too long!
[00:18:59] [Server thread/WARN]: chepaboy was kicked for floating too long!
[00:18:59] [Server thread/WARN]: chepaboy was kicked for floating too long!
[00:18:59] [Server thread/WARN]: chepaboy was kicked for floating too long!
[00:18:59] [Server thread/WARN]: chepaboy was kicked for floating too long!
[00:18:59] [Server thread/WARN]: chepaboy was kicked for floating too long!
[00:18:59] [Server thread/WARN]: chepaboy was kicked for floating too long!
[00:19:00] [Server thread/WARN]: chepaboy was kicked for floating too long!
[00:19:00] [Server thread/WARN]: chepaboy was kicked for floating too long!
[00:19:00] [Server thread/WARN]: chepaboy was kicked for floating too long!
[00:19:00] [Server thread/WARN]: chepaboy was kicked for floating too long!
[00:19:00] [Server thread/WARN]: chepaboy was kicked for floating too long!
[00:19:00] [Server thread/WARN]: chepaboy was kicked for floating too long!
[00:19:00] [Server thread/WARN]: chepaboy was kicked for floating too long!
[00:19:00] [Server thread/WARN]: chepaboy was kicked for floating too long!
[00:19:00] [Server thread/WARN]: chepaboy was kicked for floating too long!
[00:19:00] [Server thread/WARN]: chepaboy was kicked for floating too long!
[00:19:00] [Server thread/WARN]: chepaboy was kicked for floating too long!
[00:19:00] [Server thread/WARN]: chepaboy was kicked for floating too long!
[00:19:00] [Server thread/WARN]: chepaboy was kicked for floating too long!
[00:19:00] [Server thread/WARN]: chepaboy was kicked for floating too long!
[00:19:00] [Server thread/WARN]: chepaboy was kicked for floating too long!
[00:19:00] [Server thread/WARN]: chepaboy was kicked for floating too long!
[00:19:00] [Server thread/WARN]: chepaboy was kicked for floating too long!
[00:19:00] [Server thread/WARN]: chepaboy was kicked for floating too long!
[00:19:00] [Server thread/WARN]: chepaboy was kicked for floating too long!
[00:19:00] [Server thread/WARN]: chepaboy was kicked for floating too long!
[00:19:01] [Server thread/WARN]: chepaboy was kicked for floating too long!
[00:19:01] [Server thread/WARN]: chepaboy was kicked for floating too long!
[00:19:01] [Server thread/WARN]: chepaboy was kicked for floating too long!
[00:19:01] [Server thread/WARN]: chepaboy was kicked for floating too long!
[00:19:01] [Server thread/WARN]: chepaboy was kicked for floating too long!
[00:19:01] [Server thread/WARN]: chepaboy was kicked for floating too long!
[00:19:01] [Server thread/WARN]: chepaboy was kicked for floating too long!
[00:19:01] [Server thread/WARN]: chepaboy was kicked for floating too long!
[00:19:01] [Server thread/WARN]: chepaboy was kicked for floating too long!
[00:19:01] [Server thread/WARN]: chepaboy was kicked for floating too long!
[00:19:01] [Server thread/WARN]: chepaboy was kicked for floating too long!
[00:19:01] [Server thread/WARN]: chepaboy was kicked for floating too long!
[00:19:01] [Server thread/WARN]: chepaboy was kicked for floating too long!
[00:19:01] [Server thread/WARN]: chepaboy was kicked for floating too long!
[00:19:01] [Server thread/WARN]: chepaboy was kicked for floating too long!
[00:19:01] [Server thread/WARN]: chepaboy was kicked for floating too long!
[00:19:01] [Server thread/WARN]: chepaboy was kicked for floating too long!
[00:19:01] [Server thread/WARN]: chepaboy was kicked for floating too long!
[00:19:01] [Server thread/WARN]: chepaboy was kicked for floating too long!
[00:19:01] [Server thread/WARN]: chepaboy was kicked for floating too long!
[00:19:02] [Server thread/WARN]: chepaboy was kicked for floating too long!
[00:19:02] [Server thread/WARN]: chepaboy was kicked for floating too long!
[00:19:02] [Server thread/WARN]: chepaboy was kicked for floating too long!
[00:19:02] [Server thread/WARN]: chepaboy was kicked for floating too long!
[00:19:02] [Server thread/WARN]: chepaboy was kicked for floating too long!
[00:19:02] [Server thread/WARN]: chepaboy was kicked for floating too long!
[00:19:02] [Server thread/WARN]: chepaboy was kicked for floating too long!
[00:19:02] [Server thread/WARN]: chepaboy was kicked for floating too long!
[00:19:02] [Server thread/WARN]: chepaboy was kicked for floating too long!
[00:19:02] [Server thread/WARN]: chepaboy was kicked for floating too long!
[00:19:02] [Server thread/WARN]: chepaboy was kicked for floating too long!
[00:19:02] [Server thread/WARN]: chepaboy was kicked for floating too long!
[00:19:02] [Server thread/WARN]: chepaboy was kicked for floating too long!
[00:19:02] [Server thread/WARN]: chepaboy was kicked for floating too long!
[00:19:02] [Server thread/WARN]: chepaboy was kicked for floating too long!
[00:19:02] [Server thread/WARN]: chepaboy was kicked for floating too long!
[00:19:02] [Server thread/WARN]: chepaboy was kicked for floating too long!
[00:19:02] [Server thread/WARN]: chepaboy was kicked for floating too long!
[00:19:02] [Server thread/WARN]: chepaboy was kicked for floating too long!
[00:19:02] [Server thread/WARN]: chepaboy was kicked for floating too long!
[00:19:03] [Server thread/WARN]: chepaboy was kicked for floating too long!
[00:19:03] [Server thread/WARN]: chepaboy was kicked for floating too long!
[00:19:03] [Server thread/WARN]: chepaboy was kicked for floating too long!
[00:19:03] [Server thread/WARN]: chepaboy was kicked for floating too long!
[00:19:03] [Server thread/WARN]: chepaboy was kicked for floating too long!
[00:19:03] [Server thread/WARN]: chepaboy was kicked for floating too long!
[00:19:03] [Server thread/WARN]: chepaboy was kicked for floating too long!
[00:19:03] [Server thread/WARN]: chepaboy was kicked for floating too long!
[00:19:03] [Server thread/WARN]: chepaboy was kicked for floating too long!
[00:19:03] [Server thread/WARN]: chepaboy was kicked for floating too long!
[00:19:03] [Server thread/WARN]: chepaboy was kicked for floating too long!
[00:19:03] [Server thread/WARN]: chepaboy was kicked for floating too long!
[00:19:03] [Server thread/WARN]: chepaboy was kicked for floating too long!
[00:19:03] [Server thread/WARN]: chepaboy was kicked for floating too long!
[00:19:03] [Server thread/WARN]: chepaboy was kicked for floating too long!
[00:19:03] [Server thread/WARN]: chepaboy was kicked for floating too long!
[00:19:03] [Server thread/WARN]: chepaboy was kicked for floating too long!
[00:19:03] [Server thread/WARN]: chepaboy was kicked for floating too long!
[00:19:03] [Server thread/WARN]: chepaboy was kicked for floating too long!
[00:19:03] [Server thread/WARN]: chepaboy was kicked for floating too long!
[00:19:04] [Server thread/WARN]: chepaboy was kicked for floating too long!
[00:19:04] [Server thread/WARN]: chepaboy was kicked for floating too long!
[00:19:04] [Server thread/WARN]: chepaboy was kicked for floating too long!
[00:19:04] [Server thread/WARN]: chepaboy was kicked for floating too long!
[00:19:04] [Server thread/WARN]: chepaboy was kicked for floating too long!
[00:19:04] [Server thread/WARN]: chepaboy was kicked for floating too long!
[00:19:04] [Server thread/WARN]: chepaboy was kicked for floating too long!
[00:19:04] [Server thread/WARN]: chepaboy was kicked for floating too long!
[00:19:04] [Server thread/WARN]: chepaboy was kicked for floating too long!
[00:19:04] [Server thread/WARN]: chepaboy was kicked for floating too long!
[00:19:04] [Server thread/WARN]: chepaboy was kicked for floating too long!
[00:19:04] [Server thread/WARN]: chepaboy was kicked for floating too long!
[00:19:04] [Server thread/WARN]: chepaboy was kicked for floating too long!
[00:19:04] [Server thread/WARN]: chepaboy was kicked for floating too long!
[00:19:04] [Server thread/WARN]: chepaboy was kicked for floating too long!
[00:19:04] [Server thread/WARN]: chepaboy was kicked for floating too long!
[00:19:04] [Server thread/WARN]: chepaboy was kicked for floating too long!
[00:19:04] [Server thread/WARN]: chepaboy was kicked for floating too long!
[00:19:04] [Server thread/WARN]: chepaboy was kicked for floating too long!
[00:19:04] [Server thread/WARN]: chepaboy was kicked for floating too long!
[00:19:05] [Server thread/WARN]: chepaboy was kicked for floating too long!
[00:19:05] [Server thread/WARN]: chepaboy was kicked for floating too long!
[00:19:05] [Server thread/WARN]: chepaboy was kicked for floating too long!
[00:19:05] [Server thread/WARN]: chepaboy was kicked for floating too long!
[00:19:05] [Server thread/WARN]: chepaboy was kicked for floating too long!
[00:19:05] [Server thread/WARN]: chepaboy was kicked for floating too long!
[00:19:05] [Server thread/WARN]: chepaboy was kicked for floating too long!
[00:19:05] [Server thread/WARN]: chepaboy was kicked for floating too long!
[00:19:05] [Server thread/INFO]: chepaboy lost connection: Disconnected
[00:19:05] [Server thread/INFO]: chepaboy left the game
[00:19:08] [Server thread/INFO]: chepaboy[/100.80.73.88:57014] logged in with entity id 49334 at (3025.3994350745556, -40.0, -312.48882935245774)
[00:19:08] [Server thread/INFO]: chepaboy joined the game
[00:19:41] [Server thread/INFO]: chepaboy lost connection: Disconnected
[00:19:41] [Server thread/INFO]: chepaboy left the game
[00:19:44] [Server thread/INFO]: chepaboy[/100.80.73.88:57043] logged in with entity id 49451 at (3033.4021393771, -32.0, -330.212301212507)
[00:19:44] [Server thread/INFO]: chepaboy joined the game
[00:20:06] [Server thread/INFO]: chepaboy lost connection: Disconnected
[00:20:06] [Server thread/INFO]: chepaboy left the game
